# JRE version: OpenJDK Runtime Environment Temurin-21.0.10+7 (21.0.10+7) (build 21.0.10+7-LTS)
# Java VM: OpenJDK 64-Bit Server VM Temurin-21.0.10+7 (21.0.10+7-LTS, mixed mode, sharing, tiered, compressed oops, compressed class ptrs, parallel gc, windows-amd64)
GC Precious Log:
 CardTable entry size: 512
 CPUs: 4 total, 4 available
 Memory: 8088M
 Large Page Support: Disabled
 NUMA Support: Disabled
 Compressed Oops: Enabled (32-bit)
 Alignments: Space 512K, Generation 512K, Heap 2M
 Heap Min Capacity: 100M
 Heap Initial Capacity: 100M
 Heap Max Capacity: 2G
 Pre-touch: Disabled
 Parallel Workers: 4
Heap:
 PSYoungGen      total 2560K, used 2251K [0x00000000d5580000, 0x00000000d5b00000, 0x0000000100000000)
  eden space 1536K, 82% used [0x00000000d5580000,0x00000000d56baf30,0x00000000d5700000)
  from space 1024K, 96% used [0x00000000d5700000,0x00000000d57f8010,0x00000000d5800000)
  to   space 2048K, 0% used [0x00000000d5900000,0x00000000d5900000,0x00000000d5b00000)
 ParOldGen       total 206336K, used 206016K [0x0000000080000000, 0x000000008c980000, 0x00000000d5580000)
  object space 206336K, 99% used [0x0000000080000000,0x000000008c9300c0,0x000000008c980000)
 Metaspace       used 80301K, committed 82048K, reserved 1179648K
  class space    used 8108K, committed 8896K, reserved 1048576K
GC Heap History (20 events):
Event: 448.099 GC heap before
{Heap before GC invocations=488 (full 4):
 PSYoungGen      total 2560K, used 2208K [0x00000000d5580000, 0x00000000d5900000, 0x0000000100000000)
  eden space 1536K, 100% used [0x00000000d5580000,0x00000000d5700000,0x00000000d5700000)
  from space 1024K, 65% used [0x00000000d5700000,0x00000000d57a8000,0x00000000d5800000)
  to   space 1024K, 0% used [0x00000000d5800000,0x00000000d5800000,0x00000000d5900000)
 ParOldGen       total 200704K, used 200624K [0x0000000080000000, 0x000000008c400000, 0x00000000d5580000)
  object space 200704K, 99% used [0x0000000080000000,0x000000008c3ec100,0x000000008c400000)
 Metaspace       used 80262K, committed 81984K, reserved 1179648K
  class space    used 8104K, committed 8896K, reserved 1048576K
}
Event: 448.102 GC heap after
{Heap after GC invocations=488 (full 4):
 PSYoungGen      total 2560K, used 768K [0x00000000d5580000, 0x00000000d5900000, 0x0000000100000000)
  eden space 1536K, 0% used [0x00000000d5580000,0x00000000d5580000,0x00000000d5700000)
  from space 1024K, 75% used [0x00000000d5800000,0x00000000d58c0000,0x00000000d5900000)
  to   space 1024K, 0% used [0x00000000d5700000,0x00000000d5700000,0x00000000d5800000)
 ParOldGen       total 201216K, used 201160K [0x0000000080000000, 0x000000008c480000, 0x00000000d5580000)
  object space 201216K, 99% used [0x0000000080000000,0x000000008c472110,0x000000008c480000)
 Metaspace       used 80262K, committed 81984K, reserved 1179648K
  class space    used 8104K, committed 8896K, reserved 1048576K
}
Event: 448.143 GC heap before
{Heap before GC invocations=489 (full 4):
 PSYoungGen      total 2560K, used 2304K [0x00000000d5580000, 0x00000000d5900000, 0x0000000100000000)
  eden space 1536K, 100% used [0x00000000d5580000,0x00000000d5700000,0x00000000d5700000)
  from space 1024K, 75% used [0x00000000d5800000,0x00000000d58c0000,0x00000000d5900000)
  to   space 1024K, 0% used [0x00000000d5700000,0x00000000d5700000,0x00000000d5800000)
 ParOldGen       total 201216K, used 201160K [0x0000000080000000, 0x000000008c480000, 0x00000000d5580000)
  object space 201216K, 99% used [0x0000000080000000,0x000000008c472110,0x000000008c480000)
 Metaspace       used 80264K, committed 81984K, reserved 1179648K
  class space    used 8104K, committed 8896K, reserved 1048576K
}
Event: 448.147 GC heap after
{Heap after GC invocations=489 (full 4):
 PSYoungGen      total 2560K, used 768K [0x00000000d5580000, 0x00000000d5900000, 0x0000000100000000)
  eden space 1536K, 0% used [0x00000000d5580000,0x00000000d5580000,0x00000000d5700000)
  from space 1024K, 75% used [0x00000000d5700000,0x00000000d57c0010,0x00000000d5800000)
  to   space 1024K, 0% used [0x00000000d5800000,0x00000000d5800000,0x00000000d5900000)
 ParOldGen       total 202240K, used 201815K [0x0000000080000000, 0x000000008c580000, 0x00000000d5580000)
  object space 202240K, 99% used [0x0000000080000000,0x000000008c515cf0,0x000000008c580000)
 Metaspace       used 80264K, committed 81984K, reserved 1179648K
  class space    used 8104K, committed 8896K, reserved 1048576K
}
Event: 448.582 GC heap before
{Heap before GC invocations=490 (full 4):
 PSYoungGen      total 2560K, used 2304K [0x00000000d5580000, 0x00000000d5900000, 0x0000000100000000)
  eden space 1536K, 100% used [0x00000000d5580000,0x00000000d5700000,0x00000000d5700000)
  from space 1024K, 75% used [0x00000000d5700000,0x00000000d57c0010,0x00000000d5800000)
  to   space 1024K, 0% used [0x00000000d5800000,0x00000000d5800000,0x00000000d5900000)
 ParOldGen       total 202240K, used 201815K [0x0000000080000000, 0x000000008c580000, 0x00000000d5580000)
  object space 202240K, 99% used [0x0000000080000000,0x000000008c515cf0,0x000000008c580000)
 Metaspace       used 80285K, committed 82048K, reserved 1179648K
  class space    used 8108K, committed 8896K, reserved 1048576K
}
Event: 448.588 GC heap after
{Heap after GC invocations=490 (full 4):
 PSYoungGen      total 2048K, used 301K [0x00000000d5580000, 0x00000000d5880000, 0x0000000100000000)
  eden space 1536K, 0% used [0x00000000d5580000,0x00000000d5580000,0x00000000d5700000)
  from space 512K, 58% used [0x00000000d5800000,0x00000000d584b7d0,0x00000000d5880000)
  to   space 512K, 0% used [0x00000000d5780000,0x00000000d5780000,0x00000000d5800000)
 ParOldGen       total 202752K, used 202571K [0x0000000080000000, 0x000000008c600000, 0x00000000d5580000)
  object space 202752K, 99% used [0x0000000080000000,0x000000008c5d2fa0,0x000000008c600000)
 Metaspace       used 80285K, committed 82048K, reserved 1179648K
  class space    used 8108K, committed 8896K, reserved 1048576K
}
Event: 448.595 GC heap before
{Heap before GC invocations=491 (full 4):
 PSYoungGen      total 2048K, used 1837K [0x00000000d5580000, 0x00000000d5880000, 0x0000000100000000)
  eden space 1536K, 100% used [0x00000000d5580000,0x00000000d5700000,0x00000000d5700000)
  from space 512K, 58% used [0x00000000d5800000,0x00000000d584b7d0,0x00000000d5880000)
  to   space 512K, 0% used [0x00000000d5780000,0x00000000d5780000,0x00000000d5800000)
 ParOldGen       total 202752K, used 202571K [0x0000000080000000, 0x000000008c600000, 0x00000000d5580000)
  object space 202752K, 99% used [0x0000000080000000,0x000000008c5d2fa0,0x000000008c600000)
 Metaspace       used 80285K, committed 82048K, reserved 1179648K
  class space    used 8108K, committed 8896K, reserved 1048576K
}
Event: 448.597 GC heap after
{Heap after GC invocations=491 (full 4):
 PSYoungGen      total 2048K, used 512K [0x00000000d5580000, 0x00000000d5900000, 0x0000000100000000)
  eden space 1536K, 0% used [0x00000000d5580000,0x00000000d5580000,0x00000000d5700000)
  from space 512K, 100% used [0x00000000d5780000,0x00000000d5800000,0x00000000d5800000)
  to   space 1024K, 0% used [0x00000000d5800000,0x00000000d5800000,0x00000000d5900000)
 ParOldGen       total 203264K, used 202792K [0x0000000080000000, 0x000000008c680000, 0x00000000d5580000)
  object space 203264K, 99% used [0x0000000080000000,0x000000008c60a080,0x000000008c680000)
 Metaspace       used 80285K, committed 82048K, reserved 1179648K
  class space    used 8108K, committed 8896K, reserved 1048576K
}
Event: 448.607 GC heap before
{Heap before GC invocations=492 (full 4):
 PSYoungGen      total 2048K, used 2048K [0x00000000d5580000, 0x00000000d5900000, 0x0000000100000000)
  eden space 1536K, 100% used [0x00000000d5580000,0x00000000d5700000,0x00000000d5700000)
  from space 512K, 100% used [0x00000000d5780000,0x00000000d5800000,0x00000000d5800000)
  to   space 1024K, 0% used [0x00000000d5800000,0x00000000d5800000,0x00000000d5900000)
 ParOldGen       total 203264K, used 202792K [0x0000000080000000, 0x000000008c680000, 0x00000000d5580000)
  object space 203264K, 99% used [0x0000000080000000,0x000000008c60a080,0x000000008c680000)
 Metaspace       used 80285K, committed 82048K, reserved 1179648K
  class space    used 8108K, committed 8896K, reserved 1048576K
}
Event: 448.610 GC heap after
{Heap after GC invocations=492 (full 4):
 PSYoungGen      total 2560K, used 832K [0x00000000d5580000, 0x00000000d5900000, 0x0000000100000000)
  eden space 1536K, 0% used [0x00000000d5580000,0x00000000d5580000,0x00000000d5700000)
  from space 1024K, 81% used [0x00000000d5800000,0x00000000d58d0020,0x00000000d5900000)
  to   space 1024K, 0% used [0x00000000d5700000,0x00000000d5700000,0x00000000d5800000)
 ParOldGen       total 203776K, used 203288K [0x0000000080000000, 0x000000008c700000, 0x00000000d5580000)
  object space 203776K, 99% used [0x0000000080000000,0x000000008c686090,0x000000008c700000)
 Metaspace       used 80285K, committed 82048K, reserved 1179648K
  class space    used 8108K, committed 8896K, reserved 1048576K
}
Event: 448.625 GC heap before
{Heap before GC invocations=493 (full 4):
 PSYoungGen      total 2560K, used 2368K [0x00000000d5580000, 0x00000000d5900000, 0x0000000100000000)
  eden space 1536K, 100% used [0x00000000d5580000,0x00000000d5700000,0x00000000d5700000)
  from space 1024K, 81% used [0x00000000d5800000,0x00000000d58d0020,0x00000000d5900000)
  to   space 1024K, 0% used [0x00000000d5700000,0x00000000d5700000,0x00000000d5800000)
 ParOldGen       total 203776K, used 203288K [0x0000000080000000, 0x000000008c700000, 0x00000000d5580000)
  object space 203776K, 99% used [0x0000000080000000,0x000000008c686090,0x000000008c700000)
 Metaspace       used 80285K, committed 82048K, reserved 1179648K
  class space    used 8108K, committed 8896K, reserved 1048576K
}
Event: 448.628 GC heap after
{Heap after GC invocations=493 (full 4):
 PSYoungGen      total 2560K, used 640K [0x00000000d5580000, 0x00000000d5900000, 0x0000000100000000)
  eden space 1536K, 0% used [0x00000000d5580000,0x00000000d5580000,0x00000000d5700000)
  from space 1024K, 62% used [0x00000000d5700000,0x00000000d57a0000,0x00000000d5800000)
  to   space 1024K, 0% used [0x00000000d5800000,0x00000000d5800000,0x00000000d5900000)
 ParOldGen       total 204288K, used 203952K [0x0000000080000000, 0x000000008c780000, 0x00000000d5580000)
  object space 204288K, 99% used [0x0000000080000000,0x000000008c72c0b0,0x000000008c780000)
 Metaspace       used 80285K, committed 82048K, reserved 1179648K
  class space    used 8108K, committed 8896K, reserved 1048576K
}
Event: 448.708 GC heap before
{Heap before GC invocations=494 (full 4):
 PSYoungGen      total 2560K, used 2176K [0x00000000d5580000, 0x00000000d5900000, 0x0000000100000000)
  eden space 1536K, 100% used [0x00000000d5580000,0x00000000d5700000,0x00000000d5700000)
  from space 1024K, 62% used [0x00000000d5700000,0x00000000d57a0000,0x00000000d5800000)
  to   space 1024K, 0% used [0x00000000d5800000,0x00000000d5800000,0x00000000d5900000)
 ParOldGen       total 204288K, used 203952K [0x0000000080000000, 0x000000008c780000, 0x00000000d5580000)
  object space 204288K, 99% used [0x0000000080000000,0x000000008c72c0b0,0x000000008c780000)
 Metaspace       used 80285K, committed 82048K, reserved 1179648K
  class space    used 8108K, committed 8896K, reserved 1048576K
}
Event: 448.711 GC heap after
{Heap after GC invocations=494 (full 4):
 PSYoungGen      total 2560K, used 512K [0x00000000d5580000, 0x00000000d5900000, 0x0000000100000000)
  eden space 1536K, 0% used [0x00000000d5580000,0x00000000d5580000,0x00000000d5700000)
  from space 1024K, 50% used [0x00000000d5800000,0x00000000d5880000,0x00000000d5900000)
  to   space 1024K, 0% used [0x00000000d5700000,0x00000000d5700000,0x00000000d5800000)
 ParOldGen       total 204800K, used 204524K [0x0000000080000000, 0x000000008c800000, 0x00000000d5580000)
  object space 204800K, 99% used [0x0000000080000000,0x000000008c7bb0c0,0x000000008c800000)
 Metaspace       used 80285K, committed 82048K, reserved 1179648K
  class space    used 8108K, committed 8896K, reserved 1048576K
}
Event: 448.804 GC heap before
{Heap before GC invocations=495 (full 4):
 PSYoungGen      total 2560K, used 2047K [0x00000000d5580000, 0x00000000d5900000, 0x0000000100000000)
  eden space 1536K, 99% used [0x00000000d5580000,0x00000000d56ffff8,0x00000000d5700000)
  from space 1024K, 50% used [0x00000000d5800000,0x00000000d5880000,0x00000000d5900000)
  to   space 1024K, 0% used [0x00000000d5700000,0x00000000d5700000,0x00000000d5800000)
 ParOldGen       total 204800K, used 204524K [0x0000000080000000, 0x000000008c800000, 0x00000000d5580000)
  object space 204800K, 99% used [0x0000000080000000,0x000000008c7bb0c0,0x000000008c800000)
 Metaspace       used 80287K, committed 82048K, reserved 1179648K
  class space    used 8108K, committed 8896K, reserved 1048576K
}
Event: 448.807 GC heap after
{Heap after GC invocations=495 (full 4):
 PSYoungGen      total 2560K, used 576K [0x00000000d5580000, 0x00000000d5900000, 0x0000000100000000)
  eden space 1536K, 0% used [0x00000000d5580000,0x00000000d5580000,0x00000000d5700000)
  from space 1024K, 56% used [0x00000000d5700000,0x00000000d5790000,0x00000000d5800000)
  to   space 1024K, 0% used [0x00000000d5800000,0x00000000d5800000,0x00000000d5900000)
 ParOldGen       total 205312K, used 204948K [0x0000000080000000, 0x000000008c880000, 0x00000000d5580000)
  object space 205312K, 99% used [0x0000000080000000,0x000000008c8250c0,0x000000008c880000)
 Metaspace       used 80287K, committed 82048K, reserved 1179648K
  class space    used 8108K, committed 8896K, reserved 1048576K
}
Event: 448.827 GC heap before
{Heap before GC invocations=496 (full 4):
 PSYoungGen      total 2560K, used 2107K [0x00000000d5580000, 0x00000000d5900000, 0x0000000100000000)
  eden space 1536K, 99% used [0x00000000d5580000,0x00000000d56fed08,0x00000000d5700000)
  from space 1024K, 56% used [0x00000000d5700000,0x00000000d5790000,0x00000000d5800000)
  to   space 1024K, 0% used [0x00000000d5800000,0x00000000d5800000,0x00000000d5900000)
 ParOldGen       total 205312K, used 204948K [0x0000000080000000, 0x000000008c880000, 0x00000000d5580000)
  object space 205312K, 99% used [0x0000000080000000,0x000000008c8250c0,0x000000008c880000)
 Metaspace       used 80290K, committed 82048K, reserved 1179648K
  class space    used 8108K, committed 8896K, reserved 1048576K
}
Event: 448.829 GC heap after
{Heap after GC invocations=496 (full 4):
 PSYoungGen      total 2560K, used 576K [0x00000000d5580000, 0x00000000d5900000, 0x0000000100000000)
  eden space 1536K, 0% used [0x00000000d5580000,0x00000000d5580000,0x00000000d5700000)
  from space 1024K, 56% used [0x00000000d5800000,0x00000000d5890000,0x00000000d5900000)
  to   space 1024K, 0% used [0x00000000d5700000,0x00000000d5700000,0x00000000d5800000)
 ParOldGen       total 205824K, used 205452K [0x0000000080000000, 0x000000008c900000, 0x00000000d5580000)
  object space 205824K, 99% used [0x0000000080000000,0x000000008c8a30d0,0x000000008c900000)
 Metaspace       used 80290K, committed 82048K, reserved 1179648K
  class space    used 8108K, committed 8896K, reserved 1048576K
}
Event: 448.931 GC heap before
{Heap before GC invocations=497 (full 4):
 PSYoungGen      total 2560K, used 2112K [0x00000000d5580000, 0x00000000d5900000, 0x0000000100000000)
  eden space 1536K, 100% used [0x00000000d5580000,0x00000000d5700000,0x00000000d5700000)
  from space 1024K, 56% used [0x00000000d5800000,0x00000000d5890000,0x00000000d5900000)
  to   space 1024K, 0% used [0x00000000d5700000,0x00000000d5700000,0x00000000d5800000)
 ParOldGen       total 205824K, used 205452K [0x0000000080000000, 0x000000008c900000, 0x00000000d5580000)
  object space 205824K, 99% used [0x0000000080000000,0x000000008c8a30d0,0x000000008c900000)
 Metaspace       used 80292K, committed 82048K, reserved 1179648K
  class space    used 8108K, committed 8896K, reserved 1048576K
}
Event: 448.936 GC heap after
{Heap after GC invocations=497 (full 4):
 PSYoungGen      total 2560K, used 992K [0x00000000d5580000, 0x00000000d5b00000, 0x0000000100000000)
  eden space 1536K, 0% used [0x00000000d5580000,0x00000000d5580000,0x00000000d5700000)
  from space 1024K, 96% used [0x00000000d5700000,0x00000000d57f8010,0x00000000d5800000)
  to   space 2048K, 0% used [0x00000000d5900000,0x00000000d5900000,0x00000000d5b00000)
 ParOldGen       total 206336K, used 206016K [0x0000000080000000, 0x000000008c980000, 0x00000000d5580000)
  object space 206336K, 99% used [0x0000000080000000,0x000000008c9300c0,0x000000008c980000)
 Metaspace       used 80292K, committed 82048K, reserved 1179648K
  class space    used 8108K, committed 8896K, reserved 1048576K
}

