# JRE version: OpenJDK Runtime Environment Temurin-21.0.10+7 (21.0.10+7) (build 21.0.10+7-LTS)
# Java VM: OpenJDK 64-Bit Server VM Temurin-21.0.10+7 (21.0.10+7-LTS, mixed mode, sharing, tiered, compressed oops, compressed class ptrs, parallel gc, windows-amd64)
GC Precious Log:
 CardTable entry size: 512
 CPUs: 4 total, 4 available
 Memory: 8088M
 Large Page Support: Disabled
 NUMA Support: Disabled
 Compressed Oops: Enabled (32-bit)
 Alignments: Space 512K, Generation 512K, Heap 2M
 Heap Min Capacity: 100M
 Heap Initial Capacity: 100M
 Heap Max Capacity: 2G
 Pre-touch: Disabled
 Parallel Workers: 4
Heap:
 PSYoungGen      total 22528K, used 20513K [0x00000000d5580000, 0x00000000d6e80000, 0x0000000100000000)
  eden space 20480K, 92% used [0x00000000d5580000,0x00000000d67f92a8,0x00000000d6980000)
  from space 2048K, 77% used [0x00000000d6980000,0x00000000d6b0f318,0x00000000d6b80000)
  to   space 2560K, 0% used [0x00000000d6c00000,0x00000000d6c00000,0x00000000d6e80000)
 ParOldGen       total 68608K, used 46707K [0x0000000080000000, 0x0000000084300000, 0x00000000d5580000)
  object space 68608K, 68% used [0x0000000080000000,0x0000000082d9cf10,0x0000000084300000)
 Metaspace       used 45668K, committed 46656K, reserved 1114112K
  class space    used 4364K, committed 4800K, reserved 1048576K
GC Heap History (20 events):
Event: 27.428 GC heap before
{Heap before GC invocations=34 (full 2):
 PSYoungGen      total 20992K, used 20772K [0x00000000d5580000, 0x00000000d6c80000, 0x0000000100000000)
  eden space 20480K, 100% used [0x00000000d5580000,0x00000000d6980000,0x00000000d6980000)
  from space 512K, 57% used [0x00000000d6b80000,0x00000000d6bc93c0,0x00000000d6c00000)
  to   space 512K, 0% used [0x00000000d6c00000,0x00000000d6c00000,0x00000000d6c80000)
 ParOldGen       total 68608K, used 32578K [0x0000000080000000, 0x0000000084300000, 0x00000000d5580000)
  object space 68608K, 47% used [0x0000000080000000,0x0000000081fd0a40,0x0000000084300000)
 Metaspace       used 39546K, committed 40512K, reserved 1114112K
  class space    used 3963K, committed 4416K, reserved 1048576K
}
Event: 27.429 GC heap after
{Heap after GC invocations=34 (full 2):
 PSYoungGen      total 20992K, used 182K [0x00000000d5580000, 0x00000000d6c80000, 0x0000000100000000)
  eden space 20480K, 0% used [0x00000000d5580000,0x00000000d5580000,0x00000000d6980000)
  from space 512K, 35% used [0x00000000d6c00000,0x00000000d6c2dbf0,0x00000000d6c80000)
  to   space 512K, 0% used [0x00000000d6b80000,0x00000000d6b80000,0x00000000d6c00000)
 ParOldGen       total 68608K, used 32610K [0x0000000080000000, 0x0000000084300000, 0x00000000d5580000)
  object space 68608K, 47% used [0x0000000080000000,0x0000000081fd8a40,0x0000000084300000)
 Metaspace       used 39546K, committed 40512K, reserved 1114112K
  class space    used 3963K, committed 4416K, reserved 1048576K
}
Event: 27.481 GC heap before
{Heap before GC invocations=35 (full 2):
 PSYoungGen      total 20992K, used 20605K [0x00000000d5580000, 0x00000000d6c80000, 0x0000000100000000)
  eden space 20480K, 99% used [0x00000000d5580000,0x00000000d69718f8,0x00000000d6980000)
  from space 512K, 35% used [0x00000000d6c00000,0x00000000d6c2dbf0,0x00000000d6c80000)
  to   space 512K, 0% used [0x00000000d6b80000,0x00000000d6b80000,0x00000000d6c00000)
 ParOldGen       total 68608K, used 32610K [0x0000000080000000, 0x0000000084300000, 0x00000000d5580000)
  object space 68608K, 47% used [0x0000000080000000,0x0000000081fd8a40,0x0000000084300000)
 Metaspace       used 39558K, committed 40512K, reserved 1114112K
  class space    used 3963K, committed 4416K, reserved 1048576K
}
Event: 27.482 GC heap after
{Heap after GC invocations=35 (full 2):
 PSYoungGen      total 20992K, used 150K [0x00000000d5580000, 0x00000000d6c80000, 0x0000000100000000)
  eden space 20480K, 0% used [0x00000000d5580000,0x00000000d5580000,0x00000000d6980000)
  from space 512K, 29% used [0x00000000d6b80000,0x00000000d6ba5bf0,0x00000000d6c00000)
  to   space 512K, 0% used [0x00000000d6c00000,0x00000000d6c00000,0x00000000d6c80000)
 ParOldGen       total 68608K, used 32642K [0x0000000080000000, 0x0000000084300000, 0x00000000d5580000)
  object space 68608K, 47% used [0x0000000080000000,0x0000000081fe0a40,0x0000000084300000)
 Metaspace       used 39558K, committed 40512K, reserved 1114112K
  class space    used 3963K, committed 4416K, reserved 1048576K
}
Event: 27.659 GC heap before
{Heap before GC invocations=36 (full 2):
 PSYoungGen      total 20992K, used 20603K [0x00000000d5580000, 0x00000000d6c80000, 0x0000000100000000)
  eden space 20480K, 99% used [0x00000000d5580000,0x00000000d6979340,0x00000000d6980000)
  from space 512K, 29% used [0x00000000d6b80000,0x00000000d6ba5bf0,0x00000000d6c00000)
  to   space 512K, 0% used [0x00000000d6c00000,0x00000000d6c00000,0x00000000d6c80000)
 ParOldGen       total 68608K, used 32642K [0x0000000080000000, 0x0000000084300000, 0x00000000d5580000)
  object space 68608K, 47% used [0x0000000080000000,0x0000000081fe0a40,0x0000000084300000)
 Metaspace       used 39638K, committed 40640K, reserved 1114112K
  class space    used 3970K, committed 4416K, reserved 1048576K
}
Event: 27.660 GC heap after
{Heap after GC invocations=36 (full 2):
 PSYoungGen      total 20992K, used 250K [0x00000000d5580000, 0x00000000d6c80000, 0x0000000100000000)
  eden space 20480K, 0% used [0x00000000d5580000,0x00000000d5580000,0x00000000d6980000)
  from space 512K, 48% used [0x00000000d6c00000,0x00000000d6c3ea60,0x00000000d6c80000)
  to   space 512K, 0% used [0x00000000d6b80000,0x00000000d6b80000,0x00000000d6c00000)
 ParOldGen       total 68608K, used 32674K [0x0000000080000000, 0x0000000084300000, 0x00000000d5580000)
  object space 68608K, 47% used [0x0000000080000000,0x0000000081fe8a40,0x0000000084300000)
 Metaspace       used 39638K, committed 40640K, reserved 1114112K
  class space    used 3970K, committed 4416K, reserved 1048576K
}
Event: 28.335 GC heap before
{Heap before GC invocations=37 (full 2):
 PSYoungGen      total 20992K, used 20730K [0x00000000d5580000, 0x00000000d6c80000, 0x0000000100000000)
  eden space 20480K, 99% used [0x00000000d5580000,0x00000000d697ffd8,0x00000000d6980000)
  from space 512K, 48% used [0x00000000d6c00000,0x00000000d6c3ea60,0x00000000d6c80000)
  to   space 512K, 0% used [0x00000000d6b80000,0x00000000d6b80000,0x00000000d6c00000)
 ParOldGen       total 68608K, used 32674K [0x0000000080000000, 0x0000000084300000, 0x00000000d5580000)
  object space 68608K, 47% used [0x0000000080000000,0x0000000081fe8a40,0x0000000084300000)
 Metaspace       used 39848K, committed 40896K, reserved 1114112K
  class space    used 3985K, committed 4480K, reserved 1048576K
}
Event: 28.338 GC heap after
{Heap after GC invocations=37 (full 2):
 PSYoungGen      total 20992K, used 483K [0x00000000d5580000, 0x00000000d6c80000, 0x0000000100000000)
  eden space 20480K, 0% used [0x00000000d5580000,0x00000000d5580000,0x00000000d6980000)
  from space 512K, 94% used [0x00000000d6b80000,0x00000000d6bf8e90,0x00000000d6c00000)
  to   space 512K, 0% used [0x00000000d6c00000,0x00000000d6c00000,0x00000000d6c80000)
 ParOldGen       total 68608K, used 32806K [0x0000000080000000, 0x0000000084300000, 0x00000000d5580000)
  object space 68608K, 47% used [0x0000000080000000,0x00000000820098b0,0x0000000084300000)
 Metaspace       used 39848K, committed 40896K, reserved 1114112K
  class space    used 3985K, committed 4480K, reserved 1048576K
}
Event: 30.656 GC heap before
{Heap before GC invocations=38 (full 2):
 PSYoungGen      total 20992K, used 20963K [0x00000000d5580000, 0x00000000d6c80000, 0x0000000100000000)
  eden space 20480K, 100% used [0x00000000d5580000,0x00000000d6980000,0x00000000d6980000)
  from space 512K, 94% used [0x00000000d6b80000,0x00000000d6bf8e90,0x00000000d6c00000)
  to   space 512K, 0% used [0x00000000d6c00000,0x00000000d6c00000,0x00000000d6c80000)
 ParOldGen       total 68608K, used 32806K [0x0000000080000000, 0x0000000084300000, 0x00000000d5580000)
  object space 68608K, 47% used [0x0000000080000000,0x00000000820098b0,0x0000000084300000)
 Metaspace       used 41097K, committed 42112K, reserved 1114112K
  class space    used 4109K, committed 4608K, reserved 1048576K
}
Event: 30.659 GC heap after
{Heap after GC invocations=38 (full 2):
 PSYoungGen      total 20992K, used 491K [0x00000000d5580000, 0x00000000d6e80000, 0x0000000100000000)
  eden space 20480K, 0% used [0x00000000d5580000,0x00000000d5580000,0x00000000d6980000)
  from space 512K, 95% used [0x00000000d6c00000,0x00000000d6c7ad90,0x00000000d6c80000)
  to   space 2560K, 0% used [0x00000000d6980000,0x00000000d6980000,0x00000000d6c00000)
 ParOldGen       total 68608K, used 34166K [0x0000000080000000, 0x0000000084300000, 0x00000000d5580000)
  object space 68608K, 49% used [0x0000000080000000,0x000000008215d8e8,0x0000000084300000)
 Metaspace       used 41097K, committed 42112K, reserved 1114112K
  class space    used 4109K, committed 4608K, reserved 1048576K
}
Event: 31.567 GC heap before
{Heap before GC invocations=39 (full 2):
 PSYoungGen      total 20992K, used 20929K [0x00000000d5580000, 0x00000000d6e80000, 0x0000000100000000)
  eden space 20480K, 99% used [0x00000000d5580000,0x00000000d6975788,0x00000000d6980000)
  from space 512K, 95% used [0x00000000d6c00000,0x00000000d6c7ad90,0x00000000d6c80000)
  to   space 2560K, 0% used [0x00000000d6980000,0x00000000d6980000,0x00000000d6c00000)
 ParOldGen       total 68608K, used 34166K [0x0000000080000000, 0x0000000084300000, 0x00000000d5580000)
  object space 68608K, 49% used [0x0000000080000000,0x000000008215d8e8,0x0000000084300000)
 Metaspace       used 41961K, committed 43008K, reserved 1114112K
  class space    used 4160K, committed 4608K, reserved 1048576K
}
Event: 31.573 GC heap after
{Heap after GC invocations=39 (full 2):
 PSYoungGen      total 23040K, used 2557K [0x00000000d5580000, 0x00000000d7480000, 0x0000000100000000)
  eden space 20480K, 0% used [0x00000000d5580000,0x00000000d5580000,0x00000000d6980000)
  from space 2560K, 99% used [0x00000000d6980000,0x00000000d6bff448,0x00000000d6c00000)
  to   space 5632K, 0% used [0x00000000d6f00000,0x00000000d6f00000,0x00000000d7480000)
 ParOldGen       total 68608K, used 36625K [0x0000000080000000, 0x0000000084300000, 0x00000000d5580000)
  object space 68608K, 53% used [0x0000000080000000,0x00000000823c44c0,0x0000000084300000)
 Metaspace       used 41961K, committed 43008K, reserved 1114112K
  class space    used 4160K, committed 4608K, reserved 1048576K
}
Event: 32.827 GC heap before
{Heap before GC invocations=40 (full 2):
 PSYoungGen      total 23040K, used 23037K [0x00000000d5580000, 0x00000000d7480000, 0x0000000100000000)
  eden space 20480K, 100% used [0x00000000d5580000,0x00000000d6980000,0x00000000d6980000)
  from space 2560K, 99% used [0x00000000d6980000,0x00000000d6bff448,0x00000000d6c00000)
  to   space 5632K, 0% used [0x00000000d6f00000,0x00000000d6f00000,0x00000000d7480000)
 ParOldGen       total 68608K, used 36625K [0x0000000080000000, 0x0000000084300000, 0x00000000d5580000)
  object space 68608K, 53% used [0x0000000080000000,0x00000000823c44c0,0x0000000084300000)
 Metaspace       used 43416K, committed 44480K, reserved 1114112K
  class space    used 4264K, committed 4736K, reserved 1048576K
}
Event: 32.835 GC heap after
{Heap after GC invocations=40 (full 2):
 PSYoungGen      total 24576K, used 4083K [0x00000000d5580000, 0x00000000d7300000, 0x0000000100000000)
  eden space 20480K, 0% used [0x00000000d5580000,0x00000000d5580000,0x00000000d6980000)
  from space 4096K, 99% used [0x00000000d6f00000,0x00000000d72fcfe8,0x00000000d7300000)
  to   space 4608K, 0% used [0x00000000d6a00000,0x00000000d6a00000,0x00000000d6e80000)
 ParOldGen       total 68608K, used 39083K [0x0000000080000000, 0x0000000084300000, 0x00000000d5580000)
  object space 68608K, 56% used [0x0000000080000000,0x000000008262ae18,0x0000000084300000)
 Metaspace       used 43416K, committed 44480K, reserved 1114112K
  class space    used 4264K, committed 4736K, reserved 1048576K
}
Event: 34.021 GC heap before
{Heap before GC invocations=41 (full 2):
 PSYoungGen      total 24576K, used 24562K [0x00000000d5580000, 0x00000000d7300000, 0x0000000100000000)
  eden space 20480K, 99% used [0x00000000d5580000,0x00000000d697f8e0,0x00000000d6980000)
  from space 4096K, 99% used [0x00000000d6f00000,0x00000000d72fcfe8,0x00000000d7300000)
  to   space 4608K, 0% used [0x00000000d6a00000,0x00000000d6a00000,0x00000000d6e80000)
 ParOldGen       total 68608K, used 39083K [0x0000000080000000, 0x0000000084300000, 0x00000000d5580000)
  object space 68608K, 56% used [0x0000000080000000,0x000000008262ae18,0x0000000084300000)
 Metaspace       used 45065K, committed 46080K, reserved 1114112K
  class space    used 4356K, committed 4800K, reserved 1048576K
}
Event: 34.030 GC heap after
{Heap after GC invocations=41 (full 2):
 PSYoungGen      total 23552K, used 2928K [0x00000000d5580000, 0x00000000d7080000, 0x0000000100000000)
  eden space 20480K, 0% used [0x00000000d5580000,0x00000000d5580000,0x00000000d6980000)
  from space 3072K, 95% used [0x00000000d6a00000,0x00000000d6cdc010,0x00000000d6d00000)
  to   space 3584K, 0% used [0x00000000d6d00000,0x00000000d6d00000,0x00000000d7080000)
 ParOldGen       total 68608K, used 42664K [0x0000000080000000, 0x0000000084300000, 0x00000000d5580000)
  object space 68608K, 62% used [0x0000000080000000,0x00000000829aa020,0x0000000084300000)
 Metaspace       used 45065K, committed 46080K, reserved 1114112K
  class space    used 4356K, committed 4800K, reserved 1048576K
}
Event: 35.787 GC heap before
{Heap before GC invocations=42 (full 2):
 PSYoungGen      total 23552K, used 23408K [0x00000000d5580000, 0x00000000d7080000, 0x0000000100000000)
  eden space 20480K, 99% used [0x00000000d5580000,0x00000000d697fff0,0x00000000d6980000)
  from space 3072K, 95% used [0x00000000d6a00000,0x00000000d6cdc010,0x00000000d6d00000)
  to   space 3584K, 0% used [0x00000000d6d00000,0x00000000d6d00000,0x00000000d7080000)
 ParOldGen       total 68608K, used 42664K [0x0000000080000000, 0x0000000084300000, 0x00000000d5580000)
  object space 68608K, 62% used [0x0000000080000000,0x00000000829aa020,0x0000000084300000)
 Metaspace       used 45324K, committed 46336K, reserved 1114112K
  class space    used 4358K, committed 4800K, reserved 1048576K
}
Event: 35.793 GC heap after
{Heap after GC invocations=42 (full 2):
 PSYoungGen      total 24064K, used 3121K [0x00000000d5580000, 0x00000000d7080000, 0x0000000100000000)
  eden space 20480K, 0% used [0x00000000d5580000,0x00000000d5580000,0x00000000d6980000)
  from space 3584K, 87% used [0x00000000d6d00000,0x00000000d700c780,0x00000000d7080000)
  to   space 3584K, 0% used [0x00000000d6980000,0x00000000d6980000,0x00000000d6d00000)
 ParOldGen       total 68608K, used 45461K [0x0000000080000000, 0x0000000084300000, 0x00000000d5580000)
  object space 68608K, 66% used [0x0000000080000000,0x0000000082c654d0,0x0000000084300000)
 Metaspace       used 45324K, committed 46336K, reserved 1114112K
  class space    used 4358K, committed 4800K, reserved 1048576K
}
Event: 41.487 GC heap before
{Heap before GC invocations=43 (full 2):
 PSYoungGen      total 24064K, used 23601K [0x00000000d5580000, 0x00000000d7080000, 0x0000000100000000)
  eden space 20480K, 100% used [0x00000000d5580000,0x00000000d6980000,0x00000000d6980000)
  from space 3584K, 87% used [0x00000000d6d00000,0x00000000d700c780,0x00000000d7080000)
  to   space 3584K, 0% used [0x00000000d6980000,0x00000000d6980000,0x00000000d6d00000)
 ParOldGen       total 68608K, used 45461K [0x0000000080000000, 0x0000000084300000, 0x00000000d5580000)
  object space 68608K, 66% used [0x0000000080000000,0x0000000082c654d0,0x0000000084300000)
 Metaspace       used 45538K, committed 46528K, reserved 1114112K
  class space    used 4361K, committed 4800K, reserved 1048576K
}
Event: 41.491 GC heap after
{Heap after GC invocations=43 (full 2):
 PSYoungGen      total 22528K, used 1596K [0x00000000d5580000, 0x00000000d6e80000, 0x0000000100000000)
  eden space 20480K, 0% used [0x00000000d5580000,0x00000000d5580000,0x00000000d6980000)
  from space 2048K, 77% used [0x00000000d6980000,0x00000000d6b0f318,0x00000000d6b80000)
  to   space 2560K, 0% used [0x00000000d6c00000,0x00000000d6c00000,0x00000000d6e80000)
 ParOldGen       total 68608K, used 46707K [0x0000000080000000, 0x0000000084300000, 0x00000000d5580000)
  object space 68608K, 68% used [0x0000000080000000,0x0000000082d9cf10,0x0000000084300000)
 Metaspace       used 45538K, committed 46528K, reserved 1114112K
  class space    used 4361K, committed 4800K, reserved 1048576K
}

