<?xml version="1.0" encoding="UTF-8"?>
<testsuite xmlns:xsi="http://www.w3.org/2001/XMLSchema-instance" xsi:noNamespaceSchemaLocation="https://maven.apache.org/surefire/maven-surefire-plugin/xsd/surefire-test-report-3.0.xsd" version="3.0" name="PointRedemptionTest" time="0.42" tests="35" errors="0" skipped="0" failures="0">
  <properties>
[...]
</properties>
  <testcase name="testUnitPrice_DineIn_NoTopping" classname="PointRedemptionTest" time="0.148"/>
  <testcase name="testUnitPrice_Takeaway" classname="PointRedemptionTest" time="0.004"/>
  <testcase name="testUnitPrice_Holiday" classname="PointRedemptionTest" time="0.004"/>
  <testcase name="testUnitPrice_WithTopping" classname="PointRedemptionTest" time="0.003"/>
  <testcase name="testTotalPrice_MultiQty" classname="PointRedemptionTest" time="0.002"/>
  <testcase name="testRewardItem_PriceIsZero" classname="PointRedemptionTest" time="0.003"/>
  <testcase name="testMainVat_SingleItem" classname="PointRedemptionTest" time="0.013"/>
  <testcase name="testMainVat_MultiQty" classname="PointRedemptionTest" time="0.003"/>
  <testcase name="testVat_RewardItem_IsZero" classname="PointRedemptionTest" time="0.003"/>
  <testcase name="testTotalVat_ItemPlusTopping" classname="PointRedemptionTest" time="0.003"/>
  <testcase name="testBillTotals_SingleItem" classname="PointRedemptionTest" time="0.001"/>
  <testcase name="testBillTotals_MultiItems" classname="PointRedemptionTest" time="0.002"/>
  <testcase name="testEarnPoints_Normal" classname="PointRedemptionTest" time="0.002"/>
  <testcase name="testEarnPoints_TruncateRemainder" classname="PointRedemptionTest" time="0.002"/>
  <testcase name="testEarnPoints_BelowThreshold" classname="PointRedemptionTest" time="0.002"/>
  <testcase name="testEarnPoints_ExcludeRewardItems" classname="PointRedemptionTest" time="0.003"/>
  <testcase name="testDiscount_ExactlyOneFree" classname="PointRedemptionTest" time="0.001"/>
  <testcase name="testDiscount_TwoFreeDrinks" classname="PointRedemptionTest" time="0.002"/>
  <testcase name="testDiscount_DrinkPlusCashRemainder" classname="PointRedemptionTest" time="0.002"/>
  <testcase name="testDiscount_OnlyCashPoints" classname="PointRedemptionTest" time="0.001"/>
  <testcase name="testDiscount_CapAtTotalBill" classname="PointRedemptionTest" time="0.002"/>
  <testcase name="testFinalTotal_WhenFullDiscount" classname="PointRedemptionTest" time="0.001"/>
  <testcase name="testPointsForReward_SingleDrink" classname="PointRedemptionTest" time="0.002"/>
  <testcase name="testPointsForReward_RoundUp" classname="PointRedemptionTest" time="0.003"/>
  <testcase name="testTotalPointsDeducted" classname="PointRedemptionTest" time="0.003"/>
  <testcase name="testInvoiceDisplay_FinalTotal" classname="PointRedemptionTest" time="0.006"/>
  <testcase name="testInvoiceDisplay_EarnedPoints" classname="PointRedemptionTest" time="0.004"/>
  <testcase name="testInvoiceDisplay_ZeroPaidNoPoints" classname="PointRedemptionTest" time="0.003"/>
  <testcase name="testVatUnchangedAfterDiscount" classname="PointRedemptionTest" time="0.004"/>
  <testcase name="testFormatCurrency" classname="PointRedemptionTest" time="0.003"/>
  <testcase name="testEdge_ZeroPointsUsed" classname="PointRedemptionTest" time="0.004"/>
  <testcase name="testEdge_EmptyCart" classname="PointRedemptionTest" time="0.003"/>
  <testcase name="testEdge_ExactlyFiftyPointsOneDrink" classname="PointRedemptionTest" time="0.002"/>
  <testcase name="testEdge_CustomerHasZeroPoints" classname="PointRedemptionTest" time="0.004"/>
  <testcase name="testEdge_MorePointsThanDrinksInCart" classname="PointRedemptionTest" time="0.003"/>
</testsuite>